Wed Feb 20 2019 15:13:43 GMT+0530 (IST) GET /home
Wed Feb 20 2019 15:13:43 GMT+0530 (IST) GET /about
Wed Feb 20 2019 15:14:43 GMT+0530 (IST) GET /home
Wed Feb 20 2019 15:14:43 GMT+0530 (IST) GET /about
Wed Feb 20 2019 15:14:43 GMT+0530 (IST) GET /home
Wed Feb 20 2019 15:14:43 GMT+0530 (IST) GET /about
Wed Feb 20 2019 16:22:39 GMT+0530 (IST) GET /w3images/avatar_hat.jpg
Wed Feb 20 2019 16:22:39 GMT+0530 (IST) GET /w3images/p1.jpg
Wed Feb 20 2019 16:22:39 GMT+0530 (IST) GET /w3images/p2.jpg
Wed Feb 20 2019 16:22:39 GMT+0530 (IST) GET /w3images/p3.jpg
Wed Feb 20 2019 16:22:39 GMT+0530 (IST) GET /w3images/p4.jpg
Wed Feb 20 2019 16:22:39 GMT+0530 (IST) GET /w3images/p5.jpg
Wed Feb 20 2019 16:22:39 GMT+0530 (IST) GET /w3images/p6.jpg
Wed Feb 20 2019 16:22:39 GMT+0530 (IST) GET /w3images/p7.jpg
Wed Feb 20 2019 16:22:39 GMT+0530 (IST) GET /w3images/p8.jpg
Wed Feb 20 2019 16:22:39 GMT+0530 (IST) GET /w3images/map.jpg
Wed Feb 20 2019 16:22:39 GMT+0530 (IST) GET /w3images/parallax1.jpg
Wed Feb 20 2019 16:22:39 GMT+0530 (IST) GET /w3images/parallax2.jpg
Wed Feb 20 2019 16:22:39 GMT+0530 (IST) GET /w3images/parallax3.jpg
Wed Feb 20 2019 16:22:44 GMT+0530 (IST) GET /about
Wed Feb 20 2019 16:22:47 GMT+0530 (IST) GET /home
